app/build/intermediates/manifest_merge_blame_file/debug/manifest-merger-blame-debug-report.txt
1<?xml version="1.0" encoding="utf-8"?>
2<manifest xmlns:android="http://schemas.android.com/apk/res/android"
3    package="de.desenvolvimento.simple_bluetooth_le_terminal"
4    android:versionCode="1"
5    android:versionName="1.0" >
6
7    <uses-sdk
8        android:minSdkVersion="18"
8-->src\main\AndroidManifest.xml
9        android:targetSdkVersion="30" />
9-->src\main\AndroidManifest.xml
10
11    <uses-permission android:name="android.permission.FOREGROUND_SERVICE" />
11-->src\main\AndroidManifest.xml:6:5-77
11-->src\main\AndroidManifest.xml:6:22-74
12    <uses-permission android:name="android.permission.BLUETOOTH" />
12-->src\main\AndroidManifest.xml:7:5-68
12-->src\main\AndroidManifest.xml:7:22-65
13    <uses-permission android:name="android.permission.BLUETOOTH_ADMIN" />
13-->src\main\AndroidManifest.xml:8:5-74
13-->src\main\AndroidManifest.xml:8:22-71
14
15    <uses-permission-sdk-23 android:name="android.permission.ACCESS_FINE_LOCATION" />
15-->src\main\AndroidManifest.xml:10:5-86
15-->src\main\AndroidManifest.xml:10:29-83
16
17    <queries>
17-->[androidx.media:media:1.4.1] AndroidManifest.xml:24:5-28:15
18        <intent>
18-->[androidx.media:media:1.4.1] AndroidManifest.xml:25:9-27:18
19            <action android:name="android.media.browse.MediaBrowserService" />
19-->[androidx.media:media:1.4.1] AndroidManifest.xml:26:13-79
19-->[androidx.media:media:1.4.1] AndroidManifest.xml:26:21-76
20        </intent>
21    </queries>
22
23    <application
23-->src\main\AndroidManifest.xml:12:5-33:19
24        android:appComponentFactory="androidx.core.app.CoreComponentFactory"
24-->[androidx.core:core:1.6.0] AndroidManifest.xml:24:18-86
25        android:debuggable="true"
26        android:icon="@drawable/_73762_bluetooth_icon"
26-->src\main\AndroidManifest.xml:13:9-55
27        android:label="@string/app_name"
27-->src\main\AndroidManifest.xml:14:9-41
28        android:testOnly="true"
29        android:theme="@style/AppTheme" >
29-->src\main\AndroidManifest.xml:15:9-40
30        <activity
30-->src\main\AndroidManifest.xml:17:9-20:70
31            android:name="de.desenvolvimento.simple_bluetooth_le_terminal.MainActivity"
31-->src\main\AndroidManifest.xml:18:13-41
32            android:label="@string/app_name"
32-->src\main\AndroidManifest.xml:19:13-45
33            android:windowSoftInputMode="stateHidden|adjustResize" />
33-->src\main\AndroidManifest.xml:20:13-67
34        <activity
34-->src\main\AndroidManifest.xml:21:9-30:20
35            android:name="de.desenvolvimento.simple_bluetooth_le_terminal.Initial_Screen"
35-->src\main\AndroidManifest.xml:22:13-43
36            android:label="@string/app_name"
36-->src\main\AndroidManifest.xml:23:13-45
37            android:windowSoftInputMode="stateHidden|adjustResize" >
37-->src\main\AndroidManifest.xml:24:13-67
38            <intent-filter>
38-->src\main\AndroidManifest.xml:25:13-29:29
39                <action android:name="android.intent.action.MAIN" />
39-->src\main\AndroidManifest.xml:26:17-69
39-->src\main\AndroidManifest.xml:26:25-66
40
41                <category android:name="android.intent.category.LAUNCHER" />
41-->src\main\AndroidManifest.xml:28:17-77
41-->src\main\AndroidManifest.xml:28:27-74
42            </intent-filter>
43        </activity>
44
45        <service android:name="de.desenvolvimento.simple_bluetooth_le_terminal.SerialService" />
45-->src\main\AndroidManifest.xml:32:9-50
45-->src\main\AndroidManifest.xml:32:18-47
46    </application>
47
48</manifest>